# JRE version: OpenJDK Runtime Environment (8.0_242-b01) (build 1.8.0_242-release-1644-b01)
# Java VM: OpenJDK 64-Bit Server VM (25.242-b01 mixed mode windows-amd64 compressed oops)
Heap:
 PSYoungGen      total 148992K, used 80023K [0x00000000f5580000, 0x0000000100000000, 0x0000000100000000)
  eden space 127488K, 51% used [0x00000000f5580000,0x00000000f95d72d0,0x00000000fd200000)
  from space 21504K, 65% used [0x00000000fe900000,0x00000000ff6cec68,0x00000000ffe00000)
  to   space 23552K, 0% used [0x00000000fd200000,0x00000000fd200000,0x00000000fe900000)
 ParOldGen       total 281600K, used 98888K [0x00000000e0000000, 0x00000000f1300000, 0x00000000f5580000)
  object space 281600K, 35% used [0x00000000e0000000,0x00000000e6092218,0x00000000f1300000)
 Metaspace       used 105424K, capacity 110186K, committed 110488K, reserved 1144832K
  class space    used 13670K, capacity 14674K, committed 14744K, reserved 1048576K
GC Heap History (10 events):
Event: 149.064 GC heap before
{Heap before GC invocations=36 (full 4):
 PSYoungGen      total 142848K, used 116352K [0x00000000f5580000, 0x00000000ffe80000, 0x0000000100000000)
  eden space 115200K, 100% used [0x00000000f5580000,0x00000000fc600000,0x00000000fc600000)
  from space 27648K, 4% used [0x00000000fc600000,0x00000000fc720000,0x00000000fe100000)
  to   space 26624K, 0% used [0x00000000fe480000,0x00000000fe480000,0x00000000ffe80000)
 ParOldGen       total 281600K, used 93039K [0x00000000e0000000, 0x00000000f1300000, 0x00000000f5580000)
  object space 281600K, 33% used [0x00000000e0000000,0x00000000e5adbc78,0x00000000f1300000)
 Metaspace       used 97675K, capacity 102202K, committed 102936K, reserved 1138688K
  class space    used 12791K, capacity 13688K, committed 13848K, reserved 1048576K
Event: 149.087 GC heap after
Heap after GC invocations=36 (full 4):
 PSYoungGen      total 144384K, used 1408K [0x00000000f5580000, 0x00000000ffc00000, 0x0000000100000000)
  eden space 120320K, 0% used [0x00000000f5580000,0x00000000f5580000,0x00000000fcb00000)
  from space 24064K, 5% used [0x00000000fe480000,0x00000000fe5e0000,0x00000000ffc00000)
  to   space 25088K, 0% used [0x00000000fcb00000,0x00000000fcb00000,0x00000000fe380000)
 ParOldGen       total 281600K, used 93863K [0x00000000e0000000, 0x00000000f1300000, 0x00000000f5580000)
  object space 281600K, 33% used [0x00000000e0000000,0x00000000e5ba9c78,0x00000000f1300000)
 Metaspace       used 97675K, capacity 102202K, committed 102936K, reserved 1138688K
  class space    used 12791K, capacity 13688K, committed 13848K, reserved 1048576K
}
Event: 149.736 GC heap before
{Heap before GC invocations=37 (full 4):
 PSYoungGen      total 144384K, used 121728K [0x00000000f5580000, 0x00000000ffc00000, 0x0000000100000000)
  eden space 120320K, 100% used [0x00000000f5580000,0x00000000fcb00000,0x00000000fcb00000)
  from space 24064K, 5% used [0x00000000fe480000,0x00000000fe5e0000,0x00000000ffc00000)
  to   space 25088K, 0% used [0x00000000fcb00000,0x00000000fcb00000,0x00000000fe380000)
 ParOldGen       total 281600K, used 93863K [0x00000000e0000000, 0x00000000f1300000, 0x00000000f5580000)
  object space 281600K, 33% used [0x00000000e0000000,0x00000000e5ba9c78,0x00000000f1300000)
 Metaspace       used 97689K, capacity 102202K, committed 102936K, reserved 1138688K
  class space    used 12791K, capacity 13688K, committed 13848K, reserved 1048576K
Event: 149.816 GC heap after
Heap after GC invocations=37 (full 4):
 PSYoungGen      total 145408K, used 1504K [0x00000000f5580000, 0x00000000fff00000, 0x0000000100000000)
  eden space 120320K, 0% used [0x00000000f5580000,0x00000000f5580000,0x00000000fcb00000)
  from space 25088K, 5% used [0x00000000fcb00000,0x00000000fcc78000,0x00000000fe380000)
  to   space 24064K, 0% used [0x00000000fe780000,0x00000000fe780000,0x00000000fff00000)
 ParOldGen       total 281600K, used 95107K [0x00000000e0000000, 0x00000000f1300000, 0x00000000f5580000)
  object space 281600K, 33% used [0x00000000e0000000,0x00000000e5ce0fd0,0x00000000f1300000)
 Metaspace       used 97689K, capacity 102202K, committed 102936K, reserved 1138688K
  class space    used 12791K, capacity 13688K, committed 13848K, reserved 1048576K
}
Event: 150.564 GC heap before
{Heap before GC invocations=38 (full 4):
 PSYoungGen      total 145408K, used 121824K [0x00000000f5580000, 0x00000000fff00000, 0x0000000100000000)
  eden space 120320K, 100% used [0x00000000f5580000,0x00000000fcb00000,0x00000000fcb00000)
  from space 25088K, 5% used [0x00000000fcb00000,0x00000000fcc78000,0x00000000fe380000)
  to   space 24064K, 0% used [0x00000000fe780000,0x00000000fe780000,0x00000000fff00000)
 ParOldGen       total 281600K, used 95107K [0x00000000e0000000, 0x00000000f1300000, 0x00000000f5580000)
  object space 281600K, 33% used [0x00000000e0000000,0x00000000e5ce0fd0,0x00000000f1300000)
 Metaspace       used 97691K, capacity 102202K, committed 102936K, reserved 1138688K
  class space    used 12791K, capacity 13688K, committed 13848K, reserved 1048576K
Event: 150.580 GC heap after
Heap after GC invocations=38 (full 4):
 PSYoungGen      total 147456K, used 1632K [0x00000000f5580000, 0x00000000ffd00000, 0x0000000100000000)
  eden space 125440K, 0% used [0x00000000f5580000,0x00000000f5580000,0x00000000fd000000)
  from space 22016K, 7% used [0x00000000fe780000,0x00000000fe918010,0x00000000ffd00000)
  to   space 23040K, 0% used [0x00000000fd000000,0x00000000fd000000,0x00000000fe680000)
 ParOldGen       total 281600K, used 96280K [0x00000000e0000000, 0x00000000f1300000, 0x00000000f5580000)
  object space 281600K, 34% used [0x00000000e0000000,0x00000000e5e06028,0x00000000f1300000)
 Metaspace       used 97691K, capacity 102202K, committed 102936K, reserved 1138688K
  class space    used 12791K, capacity 13688K, committed 13848K, reserved 1048576K
}
Event: 152.003 GC heap before
{Heap before GC invocations=39 (full 4):
 PSYoungGen      total 147456K, used 127072K [0x00000000f5580000, 0x00000000ffd00000, 0x0000000100000000)
  eden space 125440K, 100% used [0x00000000f5580000,0x00000000fd000000,0x00000000fd000000)
  from space 22016K, 7% used [0x00000000fe780000,0x00000000fe918010,0x00000000ffd00000)
  to   space 23040K, 0% used [0x00000000fd000000,0x00000000fd000000,0x00000000fe680000)
 ParOldGen       total 281600K, used 96280K [0x00000000e0000000, 0x00000000f1300000, 0x00000000f5580000)
  object space 281600K, 34% used [0x00000000e0000000,0x00000000e5e06028,0x00000000f1300000)
 Metaspace       used 97834K, capacity 102272K, committed 102936K, reserved 1138688K
  class space    used 12795K, capacity 13689K, committed 13848K, reserved 1048576K
Event: 152.039 GC heap after
Heap after GC invocations=39 (full 4):
 PSYoungGen      total 148480K, used 1682K [0x00000000f5580000, 0x00000000ffe00000, 0x0000000100000000)
  eden space 125440K, 0% used [0x00000000f5580000,0x00000000f5580000,0x00000000fd000000)
  from space 23040K, 7% used [0x00000000fd000000,0x00000000fd1a4a40,0x00000000fe680000)
  to   space 21504K, 0% used [0x00000000fe900000,0x00000000fe900000,0x00000000ffe00000)
 ParOldGen       total 281600K, used 97320K [0x00000000e0000000, 0x00000000f1300000, 0x00000000f5580000)
  object space 281600K, 34% used [0x00000000e0000000,0x00000000e5f0a038,0x00000000f1300000)
 Metaspace       used 97834K, capacity 102272K, committed 102936K, reserved 1138688K
  class space    used 12795K, capacity 13689K, committed 13848K, reserved 1048576K
}
Event: 159.441 GC heap before
{Heap before GC invocations=40 (full 4):
 PSYoungGen      total 148480K, used 127122K [0x00000000f5580000, 0x00000000ffe00000, 0x0000000100000000)
  eden space 125440K, 100% used [0x00000000f5580000,0x00000000fd000000,0x00000000fd000000)
  from space 23040K, 7% used [0x00000000fd000000,0x00000000fd1a4a40,0x00000000fe680000)
  to   space 21504K, 0% used [0x00000000fe900000,0x00000000fe900000,0x00000000ffe00000)
 ParOldGen       total 281600K, used 97320K [0x00000000e0000000, 0x00000000f1300000, 0x00000000f5580000)
  object space 281600K, 34% used [0x00000000e0000000,0x00000000e5f0a038,0x00000000f1300000)
 Metaspace       used 104981K, capacity 109700K, committed 109976K, reserved 1144832K
  class space    used 13617K, capacity 14579K, committed 14744K, reserved 1048576K
Event: 159.464 GC heap after
Heap after GC invocations=40 (full 4):
 PSYoungGen      total 148992K, used 14139K [0x00000000f5580000, 0x0000000100000000, 0x0000000100000000)
  eden space 127488K, 0% used [0x00000000f5580000,0x00000000f5580000,0x00000000fd200000)
  from space 21504K, 65% used [0x00000000fe900000,0x00000000ff6cec68,0x00000000ffe00000)
  to   space 23552K, 0% used [0x00000000fd200000,0x00000000fd200000,0x00000000fe900000)
 ParOldGen       total 281600K, used 98888K [0x00000000e0000000, 0x00000000f1300000, 0x00000000f5580000)
  object space 281600K, 35% used [0x00000000e0000000,0x00000000e6092218,0x00000000f1300000)
 Metaspace       used 104981K, capacity 109700K, committed 109976K, reserved 1144832K
  class space    used 13617K, capacity 14579K, committed 14744K, reserved 1048576K
}

